Using pre-set license
Built from '2020.3/staging' branch; Version is '2020.3.23f1 (c5d91304a876) revision 12966163'; Using compiler version '192528614'; Build Type 'Release'
OS: 'Windows 10 Pro; OS build 19044.1889; Version 2009; 64bit' Language: 'ru' Physical Memory: 16328 MB
BatchMode: 1, IsHumanControllingUs: 0, StartBugReporterOnCrash: 0, Is64bit: 1, IsPro: 0

COMMAND LINE ARGUMENTS:
D:\WORK_PROGS\2020.3.23f1\Editor\Unity.exe
-adb2
-batchMode
-noUpm
-name
AssetImportWorker0
-projectPath
E:/UNITY_projects/HW34FinalPlatformer
-logFile
Logs/AssetImportWorker0.log
-srvPort
51713
Successfully changed project path to: E:/UNITY_projects/HW34FinalPlatformer
E:/UNITY_projects/HW34FinalPlatformer
Using Asset Import Pipeline V2.
Refreshing native plugins compatible for Editor in 64.78 ms, found 3 plugins.
Preloading 0 native plugins for Editor in 0.00 ms.
Initialize engine version: 2020.3.23f1 (c5d91304a876)
[Subsystems] Discovering subsystems at path D:/WORK_PROGS/2020.3.23f1/Editor/Data/Resources/UnitySubsystems
[Subsystems] Discovering subsystems at path E:/UNITY_projects/HW34FinalPlatformer/Assets
GfxDevice: creating device client; threaded=0
Direct3D:
    Version:  Direct3D 11.0 [level 11.1]
    Renderer: NVIDIA GeForce RTX 3060 Ti (ID=0x2489)
    Vendor:   
    VRAM:     8050 MB
    Driver:   31.0.15.1640
Initialize mono
Mono path[0] = 'D:/WORK_PROGS/2020.3.23f1/Editor/Data/Managed'
Mono path[1] = 'D:/WORK_PROGS/2020.3.23f1/Editor/Data/MonoBleedingEdge/lib/mono/unityjit'
Mono config path = 'D:/WORK_PROGS/2020.3.23f1/Editor/Data/MonoBleedingEdge/etc'
Using monoOptions --debugger-agent=transport=dt_socket,embedding=1,server=y,suspend=n,address=127.0.0.1:56400
Begin MonoManager ReloadAssembly
Registering precompiled unity dll's ...
Register platform support module: D:/WORK_PROGS/2020.3.23f1/Editor/Data/PlaybackEngines/WindowsStandaloneSupport/UnityEditor.WindowsStandalone.Extensions.dll
Register platform support module: D:/WORK_PROGS/2020.3.23f1/Editor/Data/PlaybackEngines/LinuxStandaloneSupport/UnityEditor.LinuxStandalone.Extensions.dll
Registered in 0.001272 seconds.
Native extension for LinuxStandalone target not found
Native extension for WindowsStandalone target not found
Refreshing native plugins compatible for Editor in 52.11 ms, found 3 plugins.
Preloading 0 native plugins for Editor in 0.00 ms.
Mono: successfully reloaded assembly
- Completed reload, in  0.593 seconds
Domain Reload Profiling:
	ReloadAssembly (593ms)
		BeginReloadAssembly (52ms)
			ExecutionOrderSort (0ms)
			DisableScriptedObjects (0ms)
			BackupInstance (0ms)
			ReleaseScriptingObjects (0ms)
			CreateAndSetChildDomain (1ms)
		EndReloadAssembly (473ms)
			LoadAssemblies (51ms)
			RebuildTransferFunctionScriptingTraits (0ms)
			SetupTypeCache (143ms)
			ReleaseScriptCaches (0ms)
			RebuildScriptCaches (28ms)
			SetupLoadedEditorAssemblies (171ms)
				LogAssemblyErrors (0ms)
				InitializePlatformSupportModulesInManaged (5ms)
				SetLoadedEditorAssemblies (0ms)
				RefreshPlugins (52ms)
				BeforeProcessingInitializeOnLoad (14ms)
				ProcessInitializeOnLoadAttributes (73ms)
				ProcessInitializeOnLoadMethodAttributes (26ms)
				AfterProcessingInitializeOnLoad (0ms)
				EditorAssembliesLoaded (0ms)
			ExecutionOrderSort2 (0ms)
			AwakeInstancesAfterBackupRestoration (0ms)
Platform modules already initialized, skipping
Registering precompiled user dll's ...
Registered in 0.007340 seconds.
Begin MonoManager ReloadAssembly
Native extension for LinuxStandalone target not found
Native extension for WindowsStandalone target not found
Refreshing native plugins compatible for Editor in 52.86 ms, found 3 plugins.
Preloading 0 native plugins for Editor in 0.00 ms.
Mono: successfully reloaded assembly
- Completed reload, in  1.110 seconds
Domain Reload Profiling:
	ReloadAssembly (1111ms)
		BeginReloadAssembly (134ms)
			ExecutionOrderSort (0ms)
			DisableScriptedObjects (4ms)
			BackupInstance (0ms)
			ReleaseScriptingObjects (0ms)
			CreateAndSetChildDomain (18ms)
		EndReloadAssembly (924ms)
			LoadAssemblies (86ms)
			RebuildTransferFunctionScriptingTraits (0ms)
			SetupTypeCache (305ms)
			ReleaseScriptCaches (0ms)
			RebuildScriptCaches (55ms)
			SetupLoadedEditorAssemblies (364ms)
				LogAssemblyErrors (0ms)
				InitializePlatformSupportModulesInManaged (4ms)
				SetLoadedEditorAssemblies (0ms)
				RefreshPlugins (53ms)
				BeforeProcessingInitializeOnLoad (76ms)
				ProcessInitializeOnLoadAttributes (208ms)
				ProcessInitializeOnLoadMethodAttributes (18ms)
				AfterProcessingInitializeOnLoad (4ms)
				EditorAssembliesLoaded (0ms)
			ExecutionOrderSort2 (0ms)
			AwakeInstancesAfterBackupRestoration (7ms)
Platform modules already initialized, skipping
========================================================================
Worker process is ready to serve import requests
Launched and connected shader compiler UnityShaderCompiler.exe after 0.04 seconds
Refreshing native plugins compatible for Editor in 0.64 ms, found 3 plugins.
Preloading 0 native plugins for Editor in 0.00 ms.
Unloading 2762 Unused Serialized files (Serialized files now loaded: 0)
System memory in use before: 123.6 MB.
System memory in use after: 122.4 MB.

Unloading 59 unused Assets to reduce memory usage. Loaded Objects now: 3166.
Total: 4.058200 ms (FindLiveObjects: 0.308000 ms CreateObjectMapping: 0.145400 ms MarkObjects: 2.785600 ms  DeleteObjects: 0.817900 ms)

AssetImportParameters requested are different than current active one (requested -> active):
  custom:framework-win-MediaFoundation: 216162199b28c13a410421893ffa2e32 -> 
  custom:video-decoder-ogg-theora: a1e56fd34408186e4bbccfd4996cb3dc -> 
  custom:container-muxer-webm: aa71ff27fc2769a1b78a27578f13a17b -> 
  custom:container-demuxer-webm: 4f35f7cbe854078d1ac9338744f61a02 -> 
  custom:container-demuxer-ogg: 62fdf1f143b41e24485cea50d1cbac27 -> 
  custom:video-encoder-webm-vp8: eb34c28f22e8b96e1ab97ce403110664 -> 
  custom:video-decoder-webm-vp8: 9c59270c3fd7afecdb556c50c9e8de78 -> 
  custom:audio-decoder-ogg-vorbis: bf7c407c2cedff20999df2af8eb42d56 -> 
  custom:audio-encoder-webm-vorbis: bf7c407c2cedff20999df2af8eb42d56 -> 
========================================================================
Received Import Request.
  path: Assets/Sprite/Spritesheets/floor_27.asset
  artifactKey: Guid(67f5b9c87c049284288c26ac76087585) Importer(815301076,1909f56bfc062723c751e8b465ee728b)
Start importing Assets/Sprite/Spritesheets/floor_27.asset using Guid(67f5b9c87c049284288c26ac76087585) Importer(815301076,1909f56bfc062723c751e8b465ee728b)  -> (artifact id: '659175fb6297aa7280cb7af2bc223148') in 0.157823 seconds 
  Import took 0.163688 seconds .

========================================================================
Received Import Request.
  Time since last request: 0.000273 seconds.
  path: Assets/Sprite/Spritesheets/floor_25.asset
  artifactKey: Guid(624f27c2186cfe84e951abbd4a0059f1) Importer(815301076,1909f56bfc062723c751e8b465ee728b)
Start importing Assets/Sprite/Spritesheets/floor_25.asset using Guid(624f27c2186cfe84e951abbd4a0059f1) Importer(815301076,1909f56bfc062723c751e8b465ee728b)  -> (artifact id: '009cb5864dbbb2bd69eb9e97cea3f4c6') in 0.007340 seconds 
  Import took 0.010925 seconds .

========================================================================
Received Import Request.
  Time since last request: 0.000251 seconds.
  path: Assets/Sprite/Spritesheets/floor_23.asset
  artifactKey: Guid(a4fe9227ca4a53147a101dbc89230c8e) Importer(815301076,1909f56bfc062723c751e8b465ee728b)
Start importing Assets/Sprite/Spritesheets/floor_23.asset using Guid(a4fe9227ca4a53147a101dbc89230c8e) Importer(815301076,1909f56bfc062723c751e8b465ee728b)  -> (artifact id: '4f8c5c8cde98a9905352440dd1cc7b27') in 0.007467 seconds 
  Import took 0.011335 seconds .

========================================================================
Received Import Request.
  Time since last request: 0.000255 seconds.
  path: Assets/Sprite/Spritesheets/floor_24.asset
  artifactKey: Guid(9b9e01bcec3d9df459920f6bd0afbc4f) Importer(815301076,1909f56bfc062723c751e8b465ee728b)
Start importing Assets/Sprite/Spritesheets/floor_24.asset using Guid(9b9e01bcec3d9df459920f6bd0afbc4f) Importer(815301076,1909f56bfc062723c751e8b465ee728b)  -> (artifact id: 'f1764ee40fbf91a4d7adbf96d04b74e1') in 0.007029 seconds 
  Import took 0.011357 seconds .

========================================================================
Received Import Request.
  Time since last request: 0.000257 seconds.
  path: Assets/Sprite/Spritesheets/floor_26.asset
  artifactKey: Guid(61be1c6964214f14f8f5b1a3a09e267e) Importer(815301076,1909f56bfc062723c751e8b465ee728b)
Start importing Assets/Sprite/Spritesheets/floor_26.asset using Guid(61be1c6964214f14f8f5b1a3a09e267e) Importer(815301076,1909f56bfc062723c751e8b465ee728b)  -> (artifact id: '3d799ced1813e46eaeada7dc9b3e831f') in 0.006839 seconds 
  Import took 0.010915 seconds .

========================================================================
Received Import Request.
  Time since last request: 26.128016 seconds.
  path: Assets/Sprite/Spritesheets/floor.png
  artifactKey: Guid(862e87e1395713447a4041edc4a49b9f) Importer(815301076,1909f56bfc062723c751e8b465ee728b)
Start importing Assets/Sprite/Spritesheets/floor.png using Guid(862e87e1395713447a4041edc4a49b9f) Importer(815301076,1909f56bfc062723c751e8b465ee728b)  -> (artifact id: 'd3328285213f34c4042b459d23b723fb') in 0.100329 seconds 
  Import took 0.105859 seconds .

========================================================================
Received Import Request.
  Time since last request: 24.783506 seconds.
  path: Assets/Sprite/Spritesheets/floor.png
  artifactKey: Guid(862e87e1395713447a4041edc4a49b9f) Importer(815301076,1909f56bfc062723c751e8b465ee728b)
Start importing Assets/Sprite/Spritesheets/floor.png using Guid(862e87e1395713447a4041edc4a49b9f) Importer(815301076,1909f56bfc062723c751e8b465ee728b)  -> (artifact id: '183cf7523aee9b8f05fd946143592828') in 0.015149 seconds 
  Import took 0.022056 seconds .

========================================================================
Received Import Request.
  Time since last request: 364.193872 seconds.
  path: Assets/Sprite/Spritesheets/floor.png
  artifactKey: Guid(862e87e1395713447a4041edc4a49b9f) Importer(815301076,1909f56bfc062723c751e8b465ee728b)
Start importing Assets/Sprite/Spritesheets/floor.png using Guid(862e87e1395713447a4041edc4a49b9f) Importer(815301076,1909f56bfc062723c751e8b465ee728b)  -> (artifact id: 'e41918fe14a7e8f986c7e3533692cb40') in 0.143527 seconds 
  Import took 0.149311 seconds .

========================================================================
Received Import Request.
  Time since last request: 31.627319 seconds.
  path: Assets/Sprite/Spritesheets/New Palette.prefab
  artifactKey: Guid(91ce2ceca477abb49a2c1c23bb1f5c80) Importer(815301076,1909f56bfc062723c751e8b465ee728b)
Start importing Assets/Sprite/Spritesheets/New Palette.prefab using Guid(91ce2ceca477abb49a2c1c23bb1f5c80) Importer(815301076,1909f56bfc062723c751e8b465ee728b)  -> (artifact id: '0f0e1fc470428d4a380b8403dc1c10f4') in 0.033228 seconds 
  Import took 0.038518 seconds .

========================================================================
Received Import Request.
  Time since last request: 3.839245 seconds.
  path: Assets/Sprite/Spritesheets/New Palette.prefab
  artifactKey: Guid(91ce2ceca477abb49a2c1c23bb1f5c80) Importer(815301076,1909f56bfc062723c751e8b465ee728b)
Start importing Assets/Sprite/Spritesheets/New Palette.prefab using Guid(91ce2ceca477abb49a2c1c23bb1f5c80) Importer(815301076,1909f56bfc062723c751e8b465ee728b)  -> (artifact id: '42a055415df259c49efffe4f8479cab7') in 0.018264 seconds 
  Import took 0.023502 seconds .

========================================================================
Received Import Request.
  Time since last request: 8609.986698 seconds.
  path: Assets/Sprite/Spritesheets/floor.png
  artifactKey: Guid(862e87e1395713447a4041edc4a49b9f) Importer(815301076,1909f56bfc062723c751e8b465ee728b)
Start importing Assets/Sprite/Spritesheets/floor.png using Guid(862e87e1395713447a4041edc4a49b9f) Importer(815301076,1909f56bfc062723c751e8b465ee728b)  -> (artifact id: '52eac223287d87e75586571af2d6f0c6') in 0.052568 seconds 
  Import took 0.084820 seconds .

========================================================================
Received Import Request.
  Time since last request: 17.876236 seconds.
  path: Assets/Sprite/Spritesheets/floor.png
  artifactKey: Guid(862e87e1395713447a4041edc4a49b9f) Importer(815301076,1909f56bfc062723c751e8b465ee728b)
Start importing Assets/Sprite/Spritesheets/floor.png using Guid(862e87e1395713447a4041edc4a49b9f) Importer(815301076,1909f56bfc062723c751e8b465ee728b)  -> (artifact id: '91e9366cd1e85b51cf81d1b008e054c2') in 0.026371 seconds 
  Import took 0.031549 seconds .

========================================================================
Received Import Request.
  Time since last request: 7.795863 seconds.
  path: Assets/Sprite/Spritesheets/floor.png
  artifactKey: Guid(862e87e1395713447a4041edc4a49b9f) Importer(815301076,1909f56bfc062723c751e8b465ee728b)
Start importing Assets/Sprite/Spritesheets/floor.png using Guid(862e87e1395713447a4041edc4a49b9f) Importer(815301076,1909f56bfc062723c751e8b465ee728b)  -> (artifact id: 'faf2dceea28a3510cf10b848f9b1f7ac') in 0.010577 seconds 
  Import took 0.016725 seconds .

========================================================================
Received Import Request.
  Time since last request: 159.675913 seconds.
  path: Assets/Sprite/Spritesheets/floor.png
  artifactKey: Guid(862e87e1395713447a4041edc4a49b9f) Importer(815301076,1909f56bfc062723c751e8b465ee728b)
Start importing Assets/Sprite/Spritesheets/floor.png using Guid(862e87e1395713447a4041edc4a49b9f) Importer(815301076,1909f56bfc062723c751e8b465ee728b)  -> (artifact id: 'd475e2045fc325d9589cc9a26383d068') in 0.117804 seconds 
  Import took 0.124047 seconds .

========================================================================
Received Import Request.
  Time since last request: 937.587668 seconds.
  path: Assets/Sprite/Spritesheets/Floor01.prefab
  artifactKey: Guid(fd7b7c0ef88449448af78c9a75a47c9f) Importer(815301076,1909f56bfc062723c751e8b465ee728b)
Start importing Assets/Sprite/Spritesheets/Floor01.prefab using Guid(fd7b7c0ef88449448af78c9a75a47c9f) Importer(815301076,1909f56bfc062723c751e8b465ee728b)  -> (artifact id: 'bf710767af4d543ccc4bca724883707b') in 0.015684 seconds 
  Import took 0.021865 seconds .

========================================================================
Received Import Request.
  Time since last request: 3.724339 seconds.
  path: Assets/Sprite/Spritesheets/Floor01.prefab
  artifactKey: Guid(fd7b7c0ef88449448af78c9a75a47c9f) Importer(815301076,1909f56bfc062723c751e8b465ee728b)
Start importing Assets/Sprite/Spritesheets/Floor01.prefab using Guid(fd7b7c0ef88449448af78c9a75a47c9f) Importer(815301076,1909f56bfc062723c751e8b465ee728b)  -> (artifact id: '88287242dc91b4e9e6fe75c500393df8') in 0.021727 seconds 
  Import took 0.027383 seconds .

========================================================================
Received Import Request.
  Time since last request: 64.522931 seconds.
  path: Assets/Sprite/Spritesheets/Floor01.prefab
  artifactKey: Guid(fd7b7c0ef88449448af78c9a75a47c9f) Importer(815301076,1909f56bfc062723c751e8b465ee728b)
Start importing Assets/Sprite/Spritesheets/Floor01.prefab using Guid(fd7b7c0ef88449448af78c9a75a47c9f) Importer(815301076,1909f56bfc062723c751e8b465ee728b)  -> (artifact id: '9ecbfe5b438bc8fb3de384aa6e1ea617') in 0.021702 seconds 
  Import took 0.026950 seconds .

========================================================================
Received Prepare
Registering precompiled user dll's ...
Registered in 0.003349 seconds.
Begin MonoManager ReloadAssembly
Native extension for LinuxStandalone target not found
Native extension for WindowsStandalone target not found
Refreshing native plugins compatible for Editor in 0.69 ms, found 3 plugins.
Preloading 0 native plugins for Editor in 0.00 ms.
Mono: successfully reloaded assembly
- Completed reload, in  1.154 seconds
Domain Reload Profiling:
	ReloadAssembly (1155ms)
		BeginReloadAssembly (226ms)
			ExecutionOrderSort (0ms)
			DisableScriptedObjects (16ms)
			BackupInstance (0ms)
			ReleaseScriptingObjects (0ms)
			CreateAndSetChildDomain (121ms)
		EndReloadAssembly (870ms)
			LoadAssemblies (102ms)
			RebuildTransferFunctionScriptingTraits (0ms)
			SetupTypeCache (320ms)
			ReleaseScriptCaches (1ms)
			RebuildScriptCaches (45ms)
			SetupLoadedEditorAssemblies (302ms)
				LogAssemblyErrors (0ms)
				InitializePlatformSupportModulesInManaged (6ms)
				SetLoadedEditorAssemblies (1ms)
				RefreshPlugins (1ms)
				BeforeProcessingInitializeOnLoad (84ms)
				ProcessInitializeOnLoadAttributes (199ms)
				ProcessInitializeOnLoadMethodAttributes (10ms)
				AfterProcessingInitializeOnLoad (2ms)
				EditorAssembliesLoaded (0ms)
			ExecutionOrderSort2 (0ms)
			AwakeInstancesAfterBackupRestoration (8ms)
Platform modules already initialized, skipping
Switching build target platform(19) subTarget(0) extendedPlatform(0) -> platform(13) subTarget(537395200) extendedPlatform(0)
Refreshing native plugins compatible for Editor in 0.69 ms, found 3 plugins.
Preloading 0 native plugins for Editor in 0.00 ms.
Unloading 2712 Unused Serialized files (Serialized files now loaded: 0)
System memory in use before: 121.6 MB.
System memory in use after: 120.5 MB.

Unloading 48 unused Assets to reduce memory usage. Loaded Objects now: 3200.
Total: 3.941300 ms (FindLiveObjects: 0.262700 ms CreateObjectMapping: 0.139800 ms MarkObjects: 2.774300 ms  DeleteObjects: 0.763500 ms)

AssetImportParameters requested are different than current active one (requested -> active):
  custom:framework-win-MediaFoundation: 216162199b28c13a410421893ffa2e32 -> 
  custom:video-decoder-ogg-theora: a1e56fd34408186e4bbccfd4996cb3dc -> 
  custom:container-muxer-webm: aa71ff27fc2769a1b78a27578f13a17b -> 
  custom:container-demuxer-webm: 4f35f7cbe854078d1ac9338744f61a02 -> 
  custom:container-demuxer-ogg: 62fdf1f143b41e24485cea50d1cbac27 -> 
  custom:video-encoder-webm-vp8: eb34c28f22e8b96e1ab97ce403110664 -> 
  custom:video-decoder-webm-vp8: 9c59270c3fd7afecdb556c50c9e8de78 -> 
  custom:graphics/normal-map-encoding: 01000000000000000000000000000000 -> 02000000000000000000000000000000
  custom:audio-decoder-ogg-vorbis: bf7c407c2cedff20999df2af8eb42d56 -> 
  custom:audio-encoder-webm-vorbis: bf7c407c2cedff20999df2af8eb42d56 -> 
========================================================================
Received Prepare
Registering precompiled user dll's ...
Registered in 0.003179 seconds.
Begin MonoManager ReloadAssembly
Native extension for LinuxStandalone target not found
Native extension for WindowsStandalone target not found
Refreshing native plugins compatible for Editor in 0.65 ms, found 3 plugins.
Preloading 0 native plugins for Editor in 0.00 ms.
Mono: successfully reloaded assembly
- Completed reload, in  0.961 seconds
Domain Reload Profiling:
	ReloadAssembly (961ms)
		BeginReloadAssembly (98ms)
			ExecutionOrderSort (0ms)
			DisableScriptedObjects (6ms)
			BackupInstance (0ms)
			ReleaseScriptingObjects (0ms)
			CreateAndSetChildDomain (33ms)
		EndReloadAssembly (810ms)
			LoadAssemblies (86ms)
			RebuildTransferFunctionScriptingTraits (0ms)
			SetupTypeCache (292ms)
			ReleaseScriptCaches (1ms)
			RebuildScriptCaches (45ms)
			SetupLoadedEditorAssemblies (288ms)
				LogAssemblyErrors (0ms)
				InitializePlatformSupportModulesInManaged (5ms)
				SetLoadedEditorAssemblies (0ms)
				RefreshPlugins (1ms)
				BeforeProcessingInitializeOnLoad (76ms)
				ProcessInitializeOnLoadAttributes (194ms)
				ProcessInitializeOnLoadMethodAttributes (10ms)
				AfterProcessingInitializeOnLoad (2ms)
				EditorAssembliesLoaded (0ms)
			ExecutionOrderSort2 (0ms)
			AwakeInstancesAfterBackupRestoration (8ms)
Platform modules already initialized, skipping
Switching build target platform(19) subTarget(0) extendedPlatform(0) -> platform(13) subTarget(537395200) extendedPlatform(0)
Refreshing native plugins compatible for Editor in 0.63 ms, found 3 plugins.
Preloading 0 native plugins for Editor in 0.00 ms.
Unloading 2712 Unused Serialized files (Serialized files now loaded: 0)
System memory in use before: 121.7 MB.
System memory in use after: 120.6 MB.

Unloading 48 unused Assets to reduce memory usage. Loaded Objects now: 3202.
Total: 4.140000 ms (FindLiveObjects: 0.236700 ms CreateObjectMapping: 0.115100 ms MarkObjects: 2.926400 ms  DeleteObjects: 0.860900 ms)

AssetImportParameters requested are different than current active one (requested -> active):
  custom:framework-win-MediaFoundation: 216162199b28c13a410421893ffa2e32 -> 
  custom:video-decoder-ogg-theora: a1e56fd34408186e4bbccfd4996cb3dc -> 
  custom:container-muxer-webm: aa71ff27fc2769a1b78a27578f13a17b -> 
  custom:container-demuxer-webm: 4f35f7cbe854078d1ac9338744f61a02 -> 
  custom:container-demuxer-ogg: 62fdf1f143b41e24485cea50d1cbac27 -> 
  custom:video-encoder-webm-vp8: eb34c28f22e8b96e1ab97ce403110664 -> 
  custom:video-decoder-webm-vp8: 9c59270c3fd7afecdb556c50c9e8de78 -> 
  custom:graphics/normal-map-encoding: 01000000000000000000000000000000 -> 02000000000000000000000000000000
  custom:audio-decoder-ogg-vorbis: bf7c407c2cedff20999df2af8eb42d56 -> 
  custom:audio-encoder-webm-vorbis: bf7c407c2cedff20999df2af8eb42d56 -> 
========================================================================
Received Prepare
Registering precompiled user dll's ...
Registered in 0.003725 seconds.
Begin MonoManager ReloadAssembly
Native extension for LinuxStandalone target not found
Native extension for WindowsStandalone target not found
Refreshing native plugins compatible for Editor in 0.81 ms, found 3 plugins.
Preloading 0 native plugins for Editor in 0.00 ms.
Mono: successfully reloaded assembly
- Completed reload, in  1.109 seconds
Domain Reload Profiling:
	ReloadAssembly (1110ms)
		BeginReloadAssembly (116ms)
			ExecutionOrderSort (0ms)
			DisableScriptedObjects (7ms)
			BackupInstance (0ms)
			ReleaseScriptingObjects (0ms)
			CreateAndSetChildDomain (37ms)
		EndReloadAssembly (932ms)
			LoadAssemblies (99ms)
			RebuildTransferFunctionScriptingTraits (0ms)
			SetupTypeCache (336ms)
			ReleaseScriptCaches (1ms)
			RebuildScriptCaches (51ms)
			SetupLoadedEditorAssemblies (330ms)
				LogAssemblyErrors (0ms)
				InitializePlatformSupportModulesInManaged (7ms)
				SetLoadedEditorAssemblies (0ms)
				RefreshPlugins (1ms)
				BeforeProcessingInitializeOnLoad (86ms)
				ProcessInitializeOnLoadAttributes (222ms)
				ProcessInitializeOnLoadMethodAttributes (11ms)
				AfterProcessingInitializeOnLoad (3ms)
				EditorAssembliesLoaded (0ms)
			ExecutionOrderSort2 (0ms)
			AwakeInstancesAfterBackupRestoration (9ms)
Platform modules already initialized, skipping
Switching build target platform(19) subTarget(0) extendedPlatform(0) -> platform(13) subTarget(537395200) extendedPlatform(0)
Refreshing native plugins compatible for Editor in 0.66 ms, found 3 plugins.
Preloading 0 native plugins for Editor in 0.00 ms.
Unloading 2712 Unused Serialized files (Serialized files now loaded: 0)
System memory in use before: 121.8 MB.
System memory in use after: 120.6 MB.

Unloading 48 unused Assets to reduce memory usage. Loaded Objects now: 3204.
Total: 4.707300 ms (FindLiveObjects: 0.316100 ms CreateObjectMapping: 0.158000 ms MarkObjects: 3.053500 ms  DeleteObjects: 1.178300 ms)

AssetImportParameters requested are different than current active one (requested -> active):
  custom:framework-win-MediaFoundation: 216162199b28c13a410421893ffa2e32 -> 
  custom:video-decoder-ogg-theora: a1e56fd34408186e4bbccfd4996cb3dc -> 
  custom:container-muxer-webm: aa71ff27fc2769a1b78a27578f13a17b -> 
  custom:container-demuxer-webm: 4f35f7cbe854078d1ac9338744f61a02 -> 
  custom:container-demuxer-ogg: 62fdf1f143b41e24485cea50d1cbac27 -> 
  custom:video-encoder-webm-vp8: eb34c28f22e8b96e1ab97ce403110664 -> 
  custom:video-decoder-webm-vp8: 9c59270c3fd7afecdb556c50c9e8de78 -> 
  custom:graphics/normal-map-encoding: 01000000000000000000000000000000 -> 02000000000000000000000000000000
  custom:audio-decoder-ogg-vorbis: bf7c407c2cedff20999df2af8eb42d56 -> 
  custom:audio-encoder-webm-vorbis: bf7c407c2cedff20999df2af8eb42d56 -> 
========================================================================
Received Import Request.
  Time since last request: 2903.856055 seconds.
  path: Assets/Animators/Heart.controller
  artifactKey: Guid(b9a72843a5800724a95817128fc40c2b) Importer(815301076,1909f56bfc062723c751e8b465ee728b)
Start importing Assets/Animators/Heart.controller using Guid(b9a72843a5800724a95817128fc40c2b) Importer(815301076,1909f56bfc062723c751e8b465ee728b)  -> (artifact id: '74a2c1d70fdcc9e5898ee63378a214de') in 0.023386 seconds 
  Import took 0.029239 seconds .

========================================================================
Received Import Request.
  Time since last request: 5.846024 seconds.
  path: Assets/Animators/HeartUI.controller
  artifactKey: Guid(b9a72843a5800724a95817128fc40c2b) Importer(815301076,1909f56bfc062723c751e8b465ee728b)
Start importing Assets/Animators/HeartUI.controller using Guid(b9a72843a5800724a95817128fc40c2b) Importer(815301076,1909f56bfc062723c751e8b465ee728b)  -> (artifact id: '72c2aefc4c95cc1e36c767785bd5d99f') in 0.006048 seconds 
  Import took 0.010926 seconds .

========================================================================
Received Import Request.
  Time since last request: 2749.313616 seconds.
  path: Assets/Animations
  artifactKey: Guid(61a8b025c9f351d46956c890361f69b1) Importer(815301076,1909f56bfc062723c751e8b465ee728b)
Start importing Assets/Animations using Guid(61a8b025c9f351d46956c890361f69b1) Importer(815301076,1909f56bfc062723c751e8b465ee728b)  -> (artifact id: '5fb304afa25d2b3aa3865d3c676b8c45') in 0.006880 seconds 
  Import took 0.014457 seconds .

========================================================================
Received Import Request.
  Time since last request: 0.491902 seconds.
  path: Assets/Animations/UI
  artifactKey: Guid(94a3a76f4f9bdf74b84eaa8e38e02c27) Importer(815301076,1909f56bfc062723c751e8b465ee728b)
Start importing Assets/Animations/UI using Guid(94a3a76f4f9bdf74b84eaa8e38e02c27) Importer(815301076,1909f56bfc062723c751e8b465ee728b)  -> (artifact id: 'b09bd1e16122cbf406605cc00c13da1d') in 0.006776 seconds 
  Import took 0.012835 seconds .

========================================================================
Received Import Request.
  Time since last request: 1.092188 seconds.
  path: Assets/Animations/UI/HeartBeat.anim
  artifactKey: Guid(9cd4a63f5602a374389f542096af7590) Importer(815301076,1909f56bfc062723c751e8b465ee728b)
Start importing Assets/Animations/UI/HeartBeat.anim using Guid(9cd4a63f5602a374389f542096af7590) Importer(815301076,1909f56bfc062723c751e8b465ee728b)  -> (artifact id: 'd8a4312ff32c2623bbcf3becf56ee626') in 0.008986 seconds 
  Import took 0.014267 seconds .

========================================================================
Received Import Request.
  Time since last request: 52.256863 seconds.
  path: ProjectSettings/TagManager.asset
  artifactKey: Guid(00000000000000003000000000000000) Importer(815301076,1909f56bfc062723c751e8b465ee728b)
Start importing ProjectSettings/TagManager.asset using Guid(00000000000000003000000000000000) Importer(815301076,1909f56bfc062723c751e8b465ee728b)  -> (artifact id: 'dfcc86da22d6e7106fad88400ecafc3c') in 0.005563 seconds 
  Import took 0.013026 seconds .

========================================================================
Received Prepare
Registering precompiled user dll's ...
Registered in 0.011255 seconds.
Begin MonoManager ReloadAssembly
Native extension for LinuxStandalone target not found
Native extension for WindowsStandalone target not found
Refreshing native plugins compatible for Editor in 0.68 ms, found 3 plugins.
Preloading 0 native plugins for Editor in 0.00 ms.
Mono: successfully reloaded assembly
- Completed reload, in  1.154 seconds
Domain Reload Profiling:
	ReloadAssembly (1155ms)
		BeginReloadAssembly (155ms)
			ExecutionOrderSort (0ms)
			DisableScriptedObjects (10ms)
			BackupInstance (0ms)
			ReleaseScriptingObjects (0ms)
			CreateAndSetChildDomain (75ms)
		EndReloadAssembly (940ms)
			LoadAssemblies (98ms)
			RebuildTransferFunctionScriptingTraits (0ms)
			SetupTypeCache (313ms)
			ReleaseScriptCaches (1ms)
			RebuildScriptCaches (45ms)
			SetupLoadedEditorAssemblies (294ms)
				LogAssemblyErrors (0ms)
				InitializePlatformSupportModulesInManaged (5ms)
				SetLoadedEditorAssemblies (1ms)
				RefreshPlugins (1ms)
				BeforeProcessingInitializeOnLoad (77ms)
				ProcessInitializeOnLoadAttributes (196ms)
				ProcessInitializeOnLoadMethodAttributes (12ms)
				AfterProcessingInitializeOnLoad (2ms)
				EditorAssembliesLoaded (0ms)
			ExecutionOrderSort2 (0ms)
			AwakeInstancesAfterBackupRestoration (8ms)
Platform modules already initialized, skipping
Switching build target platform(19) subTarget(0) extendedPlatform(0) -> platform(13) subTarget(537395200) extendedPlatform(0)
Refreshing native plugins compatible for Editor in 0.68 ms, found 3 plugins.
Preloading 0 native plugins for Editor in 0.00 ms.
Unloading 2712 Unused Serialized files (Serialized files now loaded: 0)
System memory in use before: 121.8 MB.
System memory in use after: 120.7 MB.

Unloading 49 unused Assets to reduce memory usage. Loaded Objects now: 3206.
Total: 5.709900 ms (FindLiveObjects: 0.338700 ms CreateObjectMapping: 0.264600 ms MarkObjects: 3.869800 ms  DeleteObjects: 1.235300 ms)

AssetImportParameters requested are different than current active one (requested -> active):
  custom:framework-win-MediaFoundation: 216162199b28c13a410421893ffa2e32 -> 
  custom:video-decoder-ogg-theora: a1e56fd34408186e4bbccfd4996cb3dc -> 
  custom:container-muxer-webm: aa71ff27fc2769a1b78a27578f13a17b -> 
  custom:container-demuxer-webm: 4f35f7cbe854078d1ac9338744f61a02 -> 
  custom:container-demuxer-ogg: 62fdf1f143b41e24485cea50d1cbac27 -> 
  custom:video-encoder-webm-vp8: eb34c28f22e8b96e1ab97ce403110664 -> 
  custom:video-decoder-webm-vp8: 9c59270c3fd7afecdb556c50c9e8de78 -> 
  custom:graphics/normal-map-encoding: 01000000000000000000000000000000 -> 02000000000000000000000000000000
  custom:audio-decoder-ogg-vorbis: bf7c407c2cedff20999df2af8eb42d56 -> 
  custom:audio-encoder-webm-vorbis: bf7c407c2cedff20999df2af8eb42d56 -> 
========================================================================
Received Prepare
Registering precompiled user dll's ...
Registered in 0.003778 seconds.
Begin MonoManager ReloadAssembly
Native extension for LinuxStandalone target not found
Native extension for WindowsStandalone target not found
Refreshing native plugins compatible for Editor in 0.78 ms, found 3 plugins.
Preloading 0 native plugins for Editor in 0.00 ms.
Mono: successfully reloaded assembly
- Completed reload, in  1.207 seconds
Domain Reload Profiling:
	ReloadAssembly (1208ms)
		BeginReloadAssembly (97ms)
			ExecutionOrderSort (0ms)
			DisableScriptedObjects (6ms)
			BackupInstance (0ms)
			ReleaseScriptingObjects (0ms)
			CreateAndSetChildDomain (31ms)
		EndReloadAssembly (1049ms)
			LoadAssemblies (111ms)
			RebuildTransferFunctionScriptingTraits (0ms)
			SetupTypeCache (343ms)
			ReleaseScriptCaches (1ms)
			RebuildScriptCaches (50ms)
			SetupLoadedEditorAssemblies (413ms)
				LogAssemblyErrors (0ms)
				InitializePlatformSupportModulesInManaged (5ms)
				SetLoadedEditorAssemblies (0ms)
				RefreshPlugins (1ms)
				BeforeProcessingInitializeOnLoad (95ms)
				ProcessInitializeOnLoadAttributes (296ms)
				ProcessInitializeOnLoadMethodAttributes (14ms)
				AfterProcessingInitializeOnLoad (2ms)
				EditorAssembliesLoaded (0ms)
			ExecutionOrderSort2 (0ms)
			AwakeInstancesAfterBackupRestoration (10ms)
Platform modules already initialized, skipping
Switching build target platform(19) subTarget(0) extendedPlatform(0) -> platform(13) subTarget(537395200) extendedPlatform(0)
Refreshing native plugins compatible for Editor in 0.63 ms, found 3 plugins.
Preloading 0 native plugins for Editor in 0.00 ms.
Unloading 2712 Unused Serialized files (Serialized files now loaded: 0)
System memory in use before: 121.7 MB.
System memory in use after: 120.7 MB.

Unloading 48 unused Assets to reduce memory usage. Loaded Objects now: 3208.
Total: 3.879100 ms (FindLiveObjects: 0.257900 ms CreateObjectMapping: 0.127800 ms MarkObjects: 2.567200 ms  DeleteObjects: 0.925300 ms)

AssetImportParameters requested are different than current active one (requested -> active):
  custom:framework-win-MediaFoundation: 216162199b28c13a410421893ffa2e32 -> 
  custom:video-decoder-ogg-theora: a1e56fd34408186e4bbccfd4996cb3dc -> 
  custom:container-muxer-webm: aa71ff27fc2769a1b78a27578f13a17b -> 
  custom:container-demuxer-webm: 4f35f7cbe854078d1ac9338744f61a02 -> 
  custom:container-demuxer-ogg: 62fdf1f143b41e24485cea50d1cbac27 -> 
  custom:video-encoder-webm-vp8: eb34c28f22e8b96e1ab97ce403110664 -> 
  custom:video-decoder-webm-vp8: 9c59270c3fd7afecdb556c50c9e8de78 -> 
  custom:graphics/normal-map-encoding: 01000000000000000000000000000000 -> 02000000000000000000000000000000
  custom:audio-decoder-ogg-vorbis: bf7c407c2cedff20999df2af8eb42d56 -> 
  custom:audio-encoder-webm-vorbis: bf7c407c2cedff20999df2af8eb42d56 -> 
========================================================================
Received Import Request.
  Time since last request: 838.289262 seconds.
  path: Assets/Scripts/Damage/MakeHitScript.cs
  artifactKey: Guid(f0cd7a2c0dcca924a8781412b8276b60) Importer(815301076,1909f56bfc062723c751e8b465ee728b)
Start importing Assets/Scripts/Damage/MakeHitScript.cs using Guid(f0cd7a2c0dcca924a8781412b8276b60) Importer(815301076,1909f56bfc062723c751e8b465ee728b)  -> (artifact id: '4262b6a354ff8ccb8a5374b059396d09') in 0.020073 seconds 
  Import took 0.025845 seconds .

========================================================================
Received Import Request.
  Time since last request: 2357.260426 seconds.
  path: Assets/Images/Icon_1.png
  artifactKey: Guid(47790e606b6db6744b2d2a964504886c) Importer(815301076,1909f56bfc062723c751e8b465ee728b)
Start importing Assets/Images/Icon_1.png using Guid(47790e606b6db6744b2d2a964504886c) Importer(815301076,1909f56bfc062723c751e8b465ee728b)  -> (artifact id: '6b44362864efc921240946bba88f8df6') in 0.179483 seconds 
  Import took 0.191231 seconds .

========================================================================
Received Import Request.
  Time since last request: 62.308747 seconds.
  path: Assets/Images/Icon_1.png
  artifactKey: Guid(47790e606b6db6744b2d2a964504886c) Importer(815301076,1909f56bfc062723c751e8b465ee728b)
Start importing Assets/Images/Icon_1.png using Guid(47790e606b6db6744b2d2a964504886c) Importer(815301076,1909f56bfc062723c751e8b465ee728b)  -> (artifact id: 'd60b2f1a093cbee9517eaa8fdf72111d') in 0.035796 seconds 
  Import took 0.041880 seconds .

========================================================================
Received Prepare
Refreshing native plugins compatible for Editor in 9.51 ms, found 3 plugins.
Preloading 0 native plugins for Editor in 0.00 ms.
Unloading 45 Unused Serialized files (Serialized files now loaded: 0)
System memory in use before: 69.4 MB.
System memory in use after: 68.3 MB.

Unloading 45 unused Assets to reduce memory usage. Loaded Objects now: 3211.
Total: 13.566200 ms (FindLiveObjects: 0.308400 ms CreateObjectMapping: 0.189300 ms MarkObjects: 11.741700 ms  DeleteObjects: 1.325300 ms)

AssetImportParameters requested are different than current active one (requested -> active):
  custom:framework-win-MediaFoundation: 216162199b28c13a410421893ffa2e32 -> 
  custom:video-decoder-ogg-theora: a1e56fd34408186e4bbccfd4996cb3dc -> 
  custom:container-muxer-webm: aa71ff27fc2769a1b78a27578f13a17b -> 
  custom:container-demuxer-webm: 4f35f7cbe854078d1ac9338744f61a02 -> 
  custom:container-demuxer-ogg: 62fdf1f143b41e24485cea50d1cbac27 -> 
  custom:video-encoder-webm-vp8: eb34c28f22e8b96e1ab97ce403110664 -> 
  custom:video-decoder-webm-vp8: 9c59270c3fd7afecdb556c50c9e8de78 -> 
  custom:audio-decoder-ogg-vorbis: bf7c407c2cedff20999df2af8eb42d56 -> 
  custom:audio-encoder-webm-vorbis: bf7c407c2cedff20999df2af8eb42d56 -> 
AssetImportWorkerClient::OnTransportError - code=2 error=End of file
